SF:lib/domain/entities/cities.dart
DA:15,1
DA:18,0
DA:20,0
DA:21,0
DA:22,0
DA:23,0
LF:6
LH:1
end_of_record
SF:lib/domain/entities/cities.g.dart
DA:13,0
DA:15,0
DA:16,0
DA:17,0
DA:19,0
DA:20,0
DA:21,0
DA:22,0
DA:26,0
DA:29,0
DA:30,0
DA:31,0
DA:32,0
DA:33,0
DA:34,0
DA:35,0
DA:38,0
DA:39,0
DA:41,0
DA:44,0
DA:45,0
DA:46,0
LF:22
LH:0
end_of_record
SF:lib/domain/entities/weather.dart
DA:23,0
DA:25,0
DA:27,0
DA:28,0
DA:29,0
DA:30,0
DA:31,0
DA:32,0
DA:33,0
DA:34,0
LF:10
LH:0
end_of_record
SF:lib/domain/entities/weather.g.dart
DA:13,0
DA:15,0
DA:16,0
DA:17,0
DA:19,0
DA:20,0
DA:21,0
DA:22,0
DA:23,0
DA:24,0
DA:25,0
DA:26,0
DA:30,0
DA:33,0
DA:34,0
DA:35,0
DA:36,0
DA:37,0
DA:38,0
DA:39,0
DA:40,0
DA:41,0
DA:42,0
DA:43,0
DA:44,0
DA:45,0
DA:46,0
DA:47,0
DA:50,0
DA:51,0
DA:53,0
DA:56,0
DA:57,0
DA:58,0
LF:34
LH:0
end_of_record
SF:lib/presentation/bloc/cities/cities_bloc.dart
DA:11,0
DA:12,0
DA:13,0
DA:15,0
DA:16,0
DA:18,0
DA:19,0
DA:20,0
DA:21,0
DA:23,0
DA:24,0
DA:28,0
DA:33,0
DA:34,0
LF:14
LH:0
end_of_record
SF:lib/presentation/bloc/cities/cities_event.dart
DA:4,1
DA:6,0
DA:7,0
DA:13,1
DA:16,0
DA:17,0
LF:6
LH:2
end_of_record
SF:lib/presentation/bloc/cities/cities_state.dart
DA:5,2
DA:7,0
DA:8,0
DA:21,1
DA:23,0
DA:24,0
DA:32,0
DA:34,0
DA:35,0
LF:9
LH:2
end_of_record
SF:lib/presentation/bloc/weather_bloc.dart
DA:11,0
DA:12,0
DA:13,0
DA:15,0
DA:16,0
DA:18,0
DA:19,0
DA:20,0
DA:21,0
DA:23,0
DA:24,0
DA:28,0
DA:33,0
DA:34,0
LF:14
LH:0
end_of_record
SF:lib/presentation/bloc/weather_event.dart
DA:4,0
DA:6,0
DA:7,0
DA:13,0
DA:15,0
DA:16,0
LF:6
LH:0
end_of_record
SF:lib/presentation/bloc/weather_state.dart
DA:5,0
DA:7,0
DA:8,0
DA:21,0
DA:23,0
DA:24,0
DA:32,0
DA:34,0
DA:35,0
LF:9
LH:0
end_of_record
SF:lib/presentation/screens/inset_city_screen.dart
DA:15,1
DA:17,1
DA:19,3
DA:21,1
DA:22,1
DA:23,1
DA:27,1
DA:28,1
DA:29,1
DA:34,1
DA:35,1
DA:38,3
DA:39,1
DA:40,1
DA:41,1
DA:43,1
DA:44,1
DA:45,0
DA:46,0
DA:47,0
DA:50,1
DA:52,4
DA:55,3
DA:60,0
DA:61,0
DA:62,0
DA:65,0
LF:27
LH:20
end_of_record
SF:lib/presentation/screens/weather_screen.dart
DA:13,0
DA:15,0
DA:17,0
DA:18,0
DA:19,0
DA:23,0
DA:25,0
DA:26,0
DA:27,0
DA:28,0
DA:33,0
DA:34,0
DA:36,0
DA:37,0
DA:38,0
DA:39,0
DA:40,0
DA:44,0
DA:46,0
DA:47,0
DA:48,0
DA:54,0
DA:56,0
DA:60,0
DA:62,0
DA:64,0
DA:65,0
DA:67,0
DA:72,0
DA:74,0
DA:75,0
DA:88,0
DA:90,0
DA:92,0
DA:103,0
DA:105,0
DA:106,0
DA:118,0
DA:120,0
DA:122,0
DA:133,0
DA:135,0
DA:136,0
DA:152,0
DA:153,0
DA:154,0
DA:157,0
LF:47
LH:0
end_of_record
SF:lib/data/models/weather_model.dart
DA:8,0
DA:16,0
DA:26,0
DA:27,0
DA:28,0
DA:29,0
DA:30,0
DA:31,0
DA:32,0
DA:33,0
DA:36,0
DA:37,0
DA:38,0
DA:39,0
DA:40,0
DA:42,0
DA:43,0
DA:44,0
DA:45,0
DA:47,0
DA:50,0
DA:51,0
DA:52,0
DA:53,0
DA:54,0
DA:55,0
DA:56,0
DA:57,0
LF:28
LH:0
end_of_record
SF:lib/data/models/weather_model.g.dart
DA:13,0
DA:15,0
DA:16,0
DA:17,0
DA:19,0
DA:20,0
DA:21,0
DA:22,0
DA:23,0
DA:24,0
DA:25,0
DA:26,0
DA:30,0
DA:33,0
DA:34,0
DA:35,0
DA:36,0
DA:37,0
DA:38,0
DA:39,0
DA:40,0
DA:41,0
DA:42,0
DA:43,0
DA:44,0
DA:45,0
DA:46,0
DA:47,0
DA:50,0
DA:51,0
DA:53,0
DA:56,0
DA:57,0
DA:58,0
LF:34
LH:0
end_of_record
SF:lib/core/constants/constants.dart
DA:8,0
DA:9,0
DA:11,0
DA:12,0
DA:15,0
DA:16,0
LF:6
LH:0
end_of_record
SF:lib/core/failure.dart
DA:6,0
DA:8,0
DA:10,0
DA:15,0
DA:20,0
DA:25,0
DA:30,0
LF:7
LH:0
end_of_record
SF:lib/domain/usecases/get_cities.dart
DA:10,0
DA:13,0
DA:14,0
LF:3
LH:0
end_of_record
SF:lib/domain/usecases/get_current_weather.dart
DA:10,0
DA:12,0
DA:13,0
LF:3
LH:0
end_of_record
SF:lib/utils/logs.dart
DA:6,0
DA:8,0
LF:2
LH:0
end_of_record
SF:lib/widgets/app_textfield.dart
DA:15,0
DA:26,0
DA:28,0
DA:29,0
DA:35,0
DA:37,0
DA:38,0
DA:39,0
DA:40,0
DA:41,0
DA:43,0
DA:44,0
DA:45,0
DA:46,0
DA:47,0
DA:48,0
DA:49,0
DA:50,0
DA:51,0
DA:53,0
DA:54,0
DA:55,0
DA:58,0
DA:60,0
DA:62,0
DA:64,0
DA:65,0
DA:82,0
DA:83,0
DA:89,0
DA:90,0
DA:96,0
DA:97,0
DA:98,0
DA:106,0
LF:35
LH:0
end_of_record
SF:lib/widgets/big_text.dart
DA:10,1
DA:17,1
DA:19,1
DA:21,1
DA:22,1
DA:24,1
DA:28,1
DA:29,1
DA:30,1
DA:31,2
LF:10
LH:10
end_of_record
SF:lib/utils/utility.dart
DA:2,0
DA:3,0
LF:2
LH:0
end_of_record
SF:lib/widgets/small_text.dart
DA:10,0
DA:17,0
DA:19,0
DA:21,0
DA:22,0
DA:24,0
DA:28,0
DA:29,0
DA:30,0
DA:31,0
LF:10
LH:0
end_of_record
